        -:    0:Source:advanced_logic.cpp
        -:    0:Graph:test_main.gcno
        -:    0:Data:test_main.gcda
        -:    0:Runs:1
        -:    0:Programs:1
        -:    1:#include <string>
        -:    2:#include <vector>
        -:    3:
        5:    4:int adjustScore(int base, const std::vector<int>& deltas, bool capToHundred) {
        5:    5:    int score = base;
        -:    6:
       10:    7:    for (int delta : deltas) {
        8:    8:        if (delta == 0) {
        2:    9:            continue;
        -:   10:        }
        -:   11:
        6:   12:        score += delta;
        -:   13:
        6:   14:        if (score < 0) {
        1:   15:            score = 0;
        1:   16:            break;
        -:   17:        }
        -:   18:
        5:   19:        if (capToHundred && score > 100) {
        2:   20:            score = 100;
        2:   21:            break;
        -:   22:        }
        -:   23:    }
        -:   24:
        5:   25:    return score;
        -:   26:}
        -:   27:
        8:   28:std::string classifyScore(int score) {
        8:   29:    if (score < 0) {
        1:   30:        return "invalid";
        -:   31:    }
        7:   32:    if (score < 40) {
        2:   33:        return "fail";
        -:   34:    }
        5:   35:    if (score < 75) {
        2:   36:        return "pass";
        -:   37:    }
        3:   38:    if (score <= 100) {
        2:   39:        return "distinction";
        -:   40:    }
        1:   41:    return "overflow";
        8:   42:}
        -:   43:
        6:   44:bool isStrictlyIncreasing(const std::vector<int>& values) {
        6:   45:    if (values.empty()) {
        1:   46:        return false;
        -:   47:    }
        -:   48:
        8:   49:    for (size_t i = 1; i < values.size(); ++i) {
        6:   50:        if (values[i] <= values[i - 1]) {
        3:   51:            return false;
        -:   52:        }
        3:   53:    }
        -:   54:
        2:   55:    return true;
        6:   56:}
