        -:    0:Source:advanced_logic.cpp
        -:    0:Graph:test_main.gcno
        -:    0:Data:test_main.gcda
        -:    0:Runs:1
        -:    1:#include <string>
        -:    2:#include <vector>
        -:    3:
    #####:    4:int adjustScore(int base, const std::vector<int>& deltas, bool capToHundred) {
    #####:    5:    int score = base;
        -:    6:
    #####:    7:    for (int delta : deltas) {
    #####:    8:        if (delta == 0) {
    #####:    9:            continue;
        -:   10:        }
        -:   11:
    #####:   12:        score += delta;
        -:   13:
    #####:   14:        if (score < 0) {
    #####:   15:            score = 0;
    #####:   16:            break;
        -:   17:        }
        -:   18:
    #####:   19:        if (capToHundred && score > 100) {
    #####:   20:            score = 100;
    #####:   21:            break;
        -:   22:        }
        -:   23:    }
        -:   24:
    #####:   25:    return score;
        -:   26:}
        -:   27:
    #####:   28:std::string classifyScore(int score) {
    #####:   29:    if (score < 0) {
    #####:   30:        return "invalid";
        -:   31:    }
    #####:   32:    if (score < 40) {
    #####:   33:        return "fail";
        -:   34:    }
    #####:   35:    if (score < 75) {
    #####:   36:        return "pass";
        -:   37:    }
    #####:   38:    if (score <= 100) {
    #####:   39:        return "distinction";
        -:   40:    }
    #####:   41:    return "overflow";
    #####:   42:}
        -:   43:
    #####:   44:bool isStrictlyIncreasing(const std::vector<int>& values) {
    #####:   45:    if (values.empty()) {
    #####:   46:        return false;
        -:   47:    }
        -:   48:
    #####:   49:    for (size_t i = 1; i < values.size(); ++i) {
    #####:   50:        if (values[i] <= values[i - 1]) {
    #####:   51:            return false;
        -:   52:        }
    #####:   53:    }
        -:   54:
    #####:   55:    return true;
    #####:   56:}
