        -:    0:Source:math_ops.cpp
        -:    0:Graph:test_main.gcno
        -:    0:Data:test_main.gcda
        -:    0:Runs:1
        -:    1:#include <iostream>
        -:    2:
    #####:    3:int calculate(int a, int b, char op) {
    #####:    4:    if (op == '+') {
    #####:    5:        return a + b;
    #####:    6:    } else if (op == '-') {
    #####:    7:        return a - b;
    #####:    8:    } else if (op == '*') {
    #####:    9:        return a * b;
    #####:   10:    } else if (op == '/') {
    #####:   11:        if (b != 0) {
    #####:   12:            return a / b;
        -:   13:        } else {
    #####:   14:            std::cout << "Division by zero!" << std::endl;
    #####:   15:            return 0;
        -:   16:        }
        -:   17:    }
    #####:   18:    std::cout << "Unknown operation." << std::endl;
    #####:   19:    return 0;
    #####:   20:}
